> Solving for ### [3]
> Checking starts from 0 to 0
> 3 fits in 0 : 3
> Found 1 intermediate solutions
> Found 1 solutions for ### [3]
> Solving for ???.### [1, 1, 3]
> Checking starts from 0 to 6
> 1 fits in 0 : 1
>> Solving for ?.### [1, 3]
>> Checking starts from 0 to 4
>> 1 fits in 0 : 1
>>> Solving for ### [3]
>>> Checking starts from 0 to 0
>>> 3 fits in 0 : 3
>>> Found 1 intermediate solutions
>>> Found 1 solutions for ### [3]
>> Found 1 intermediate solutions
>> 1 isn't bordered right at 2 : 3
>> 1 isn't bordered right at 3 : 4
>> 1 isn't bordered left at 4 : 5
>> Found 1 solutions for ?.### [1, 3]
> Found 1 intermediate solutions
> 1 fits in 1 : 2
>> Solving for .### [1, 3]
>> Checking starts from 0 to 3
>> 1 isn't bordered right at 1 : 2
>> 1 isn't bordered right at 2 : 3
>> 1 isn't bordered left at 3 : 4
>> Found 0 solutions for .### [1, 3]
> Found 0 intermediate solutions
> 1 fits in 2 : 3
>> Solving for ### [1, 3]
>> Checking starts from 0 to 2
>> 1 isn't bordered right at 0 : 1
>> 1 isn't bordered right at 1 : 2
>> 1 isn't bordered left at 2 : 3
>> Found 0 solutions for ### [1, 3]
> Found 0 intermediate solutions
> 1 isn't bordered right at 4 : 5
> 1 isn't bordered right at 5 : 6
> 1 isn't bordered left at 6 : 7
> Found 1 solutions for ???.### [1, 1, 3]
> Solving for ?###???????? [3, 2, 1]
> Checking starts from 0 to 9
> 3 isn't bordered right at 0 : 3
> 3 fits in 1 : 4
>> Solving for ??????? [2, 1]
>> Checking starts from 0 to 5
>> 2 fits in 0 : 2
>>> Solving for ???? [1]
>>> Checking starts from 0 to 3
>>> 1 fits in 0 : 1
>>> Found 1 intermediate solutions
>>> 1 fits in 1 : 2
>>> Found 1 intermediate solutions
>>> 1 fits in 2 : 3
>>> Found 1 intermediate solutions
>>> 1 fits in 3 : 4
>>> Found 1 intermediate solutions
>>> Found 4 solutions for ???? [1]
>> Found 4 intermediate solutions
>> 2 fits in 1 : 3
>>> Solving for ??? [1]
>>> Checking starts from 0 to 2
>>> 1 fits in 0 : 1
>>> Found 1 intermediate solutions
>>> 1 fits in 1 : 2
>>> Found 1 intermediate solutions
>>> 1 fits in 2 : 3
>>> Found 1 intermediate solutions
>>> Found 3 solutions for ??? [1]
>> Found 3 intermediate solutions
>> 2 fits in 2 : 4
>>> Solving for ?? [1]
>>> Checking starts from 0 to 1
>>> 1 fits in 0 : 1
>>> Found 1 intermediate solutions
>>> 1 fits in 1 : 2
>>> Found 1 intermediate solutions
>>> Found 2 solutions for ?? [1]
>> Found 2 intermediate solutions
>> 2 fits in 3 : 5
>>> Solving for ? [1]
>>> Checking starts from 0 to 0
>>> 1 fits in 0 : 1
>>> Found 1 intermediate solutions
>>> Found 1 solutions for ? [1]
>> Found 1 intermediate solutions
>> 2 fits in 4 : 6
>>> Solving for  [1]
>>> Checking starts from 0 to -1
>>> Found 0 solutions for  [1]
>> Found 0 intermediate solutions
>> 2 fits in 5 : 7
>>> Solving for  [1]
>>> Checking starts from 0 to -1
>>> Found 0 solutions for  [1]
>> Found 0 intermediate solutions
>> Found 10 solutions for ??????? [2, 1]
> Found 10 intermediate solutions
> 3 isn't bordered left at 2 : 5
> 3 isn't bordered left at 3 : 6
> 3 isn't bordered left at 4 : 7
> 3 fits in 5 : 8
>> Solving for ??? [2, 1]
>> Checking starts from 0 to 1
>> 2 fits in 0 : 2
>>> Solving for  [1]
>>> Checking starts from 0 to -1
>>> Found 0 solutions for  [1]
>> Found 0 intermediate solutions
>> 2 fits in 1 : 3
>>> Solving for  [1]
>>> Checking starts from 0 to -1
>>> Found 0 solutions for  [1]
>> Found 0 intermediate solutions
>> Found 0 solutions for ??? [2, 1]
> Found 0 intermediate solutions
> 3 fits in 6 : 9
>> Solving for ?? [2, 1]
>> Checking starts from 0 to 0
>> 2 fits in 0 : 2
>>> Solving for  [1]
>>> Checking starts from 0 to -1
>>> Found 0 solutions for  [1]
>> Found 0 intermediate solutions
>> Found 0 solutions for ?? [2, 1]
> Found 0 intermediate solutions
> 3 fits in 7 : 10
>> Solving for ? [2, 1]
>> Checking starts from 0 to -1
>> Found 0 solutions for ? [2, 1]
> Found 0 intermediate solutions
> 3 fits in 8 : 11
>> Solving for  [2, 1]
>> Checking starts from 0 to -2
>> Found 0 solutions for  [2, 1]
> Found 0 intermediate solutions
> 3 fits in 9 : 12
>> Solving for  [2, 1]
>> Checking starts from 0 to -2
>> Found 0 solutions for  [2, 1]
> Found 0 intermediate solutions
> Found 10 solutions for ?###???????? [3, 2, 1]
> Solving for #??.????#??. [2, 1, 2, 1]
> Checking starts from 0 to 10
> 2 fits in 0 : 2
>> Solving for .????#??. [1, 2, 1]
>> Checking starts from 0 to 8
>> 1 fits in 1 : 2
>>> Solving for ??#??. [2, 1]
>>> Checking starts from 0 to 4
>>> 2 isn't bordered right at 0 : 2
>>> 2 fits in 1 : 3
>>>> Solving for ?. [1]
>>>> Checking starts from 0 to 1
>>>> 1 fits in 0 : 1
>>>> Found 1 intermediate solutions
>>>> Found 1 solutions for ?. [1]
>>> Found 1 intermediate solutions
>>> 2 fits in 2 : 4
>>>> Solving for . [1]
>>>> Checking starts from 0 to 0
>>>> Found 0 solutions for . [1]
>>> Found 0 intermediate solutions
>>> 2 isn't bordered left at 3 : 5
>>> Found 1 solutions for ??#??. [2, 1]
>> Found 1 intermediate solutions
>> 1 fits in 2 : 3
>>> Solving for ?#??. [2, 1]
>>> Checking starts from 0 to 3
>>> 2 fits in 0 : 2
>>>> Solving for ?. [1]
>>>> Checking starts from 0 to 1
>>>> 1 fits in 0 : 1
>>>> Found 1 intermediate solutions
>>>> Found 1 solutions for ?. [1]
>>> Found 1 intermediate solutions
>>> 2 fits in 1 : 3
>>>> Solving for . [1]
>>>> Checking starts from 0 to 0
>>>> Found 0 solutions for . [1]
>>> Found 0 intermediate solutions
>>> 2 isn't bordered left at 2 : 4
>>> Found 1 solutions for ?#??. [2, 1]
>> Found 1 intermediate solutions
>> 1 fits in 3 : 4
>>> Solving for #??. [2, 1]
>>> Checking starts from 0 to 2
>>> 2 fits in 0 : 2
>>>> Solving for . [1]
>>>> Checking starts from 0 to 0
>>>> Found 0 solutions for . [1]
>>> Found 0 intermediate solutions
>>> 2 isn't bordered left at 1 : 3
>>> Found 0 solutions for #??. [2, 1]
>> Found 0 intermediate solutions
>> 1 isn't bordered right at 4 : 5
>> 1 fits in 5 : 6
>>> Solving for ?. [2, 1]
>>> Checking starts from 0 to 0
>>> Found 0 solutions for ?. [2, 1]
>> Found 0 intermediate solutions
>> 1 isn't bordered left at 6 : 7
>> 1 fits in 7 : 8
>>> Solving for  [2, 1]
>>> Checking starts from 0 to -2
>>> Found 0 solutions for  [2, 1]
>> Found 0 intermediate solutions
>> Found 2 solutions for .????#??. [1, 2, 1]
> Found 2 intermediate solutions
> 2 isn't bordered left at 1 : 3
> 2 fits in 4 : 6
>> Solving for ?#??. [1, 2, 1]
>> Checking starts from 0 to 4
>> 1 isn't bordered right at 0 : 1
>> 1 fits in 1 : 2
>>> Solving for ?. [2, 1]
>>> Checking starts from 0 to 0
>>> Found 0 solutions for ?. [2, 1]
>> Found 0 intermediate solutions
>> 1 isn't bordered left at 2 : 3
>> 1 fits in 3 : 4
>>> Solving for  [2, 1]
>>> Checking starts from 0 to -2
>>> Found 0 solutions for  [2, 1]
>> Found 0 intermediate solutions
>> Found 0 solutions for ?#??. [1, 2, 1]
> Found 0 intermediate solutions
> 2 fits in 5 : 7
>> Solving for #??. [1, 2, 1]
>> Checking starts from 0 to 3
>> 1 fits in 0 : 1
>>> Solving for ?. [2, 1]
>>> Checking starts from 0 to 0
>>> Found 0 solutions for ?. [2, 1]
>> Found 0 intermediate solutions
>> 1 isn't bordered left at 1 : 2
>> 1 fits in 2 : 3
>>> Solving for  [2, 1]
>>> Checking starts from 0 to -2
>>> Found 0 solutions for  [2, 1]
>> Found 0 intermediate solutions
>> Found 0 solutions for #??. [1, 2, 1]
> Found 0 intermediate solutions
> 2 isn't bordered right at 6 : 8
> 2 fits in 7 : 9
>> Solving for ?. [1, 2, 1]
>> Checking starts from 0 to 1
>> 1 fits in 0 : 1
>>> Solving for  [2, 1]
>>> Checking starts from 0 to -2
>>> Found 0 solutions for  [2, 1]
>> Found 0 intermediate solutions
>> Found 0 solutions for ?. [1, 2, 1]
> Found 0 intermediate solutions
> 2 fits in 8 : 10
>> Solving for . [1, 2, 1]
>> Checking starts from 0 to 0
>> Found 0 solutions for . [1, 2, 1]
> Found 0 intermediate solutions
> 2 isn't bordered left at 9 : 11
> Found 2 solutions for #??.????#??. [2, 1, 2, 1]
> Solving for ??#???#?????.? [5, 1, 1]
> Checking starts from 0 to 9
> 5 fits in 0 : 5
>> Solving for #?????.? [1, 1]
>> Checking starts from 0 to 7
>> 1 fits in 0 : 1
>>> Solving for ????.? [1]
>>> Checking starts from 0 to 5
>>> 1 fits in 0 : 1
>>> Found 1 intermediate solutions
>>> 1 fits in 1 : 2
>>> Found 1 intermediate solutions
>>> 1 fits in 2 : 3
>>> Found 1 intermediate solutions
>>> 1 fits in 3 : 4
>>> Found 1 intermediate solutions
>>> 1 fits in 5 : 6
>>> Found 1 intermediate solutions
>>> Found 5 solutions for ????.? [1]
>> Found 5 intermediate solutions
>> 1 isn't bordered left at 1 : 2
>> 1 fits in 2 : 3
>>> Solving for ??.? [1]
>>> Checking starts from 0 to 3
>>> 1 fits in 0 : 1
>>> Found 1 intermediate solutions
>>> 1 fits in 1 : 2
>>> Found 1 intermediate solutions
>>> 1 fits in 3 : 4
>>> Found 1 intermediate solutions
>>> Found 3 solutions for ??.? [1]
>> Found 3 intermediate solutions
>> 1 fits in 3 : 4
>>> Solving for ?.? [1]
>>> Checking starts from 0 to 2
>>> 1 fits in 0 : 1
>>> Found 1 intermediate solutions
>>> 1 fits in 2 : 3
>>> Found 1 intermediate solutions
>>> Found 2 solutions for ?.? [1]
>> Found 2 intermediate solutions
>> 1 fits in 4 : 5
>>> Solving for .? [1]
>>> Checking starts from 0 to 1
>>> 1 fits in 1 : 2
>>> Found 1 intermediate solutions
>>> Found 1 solutions for .? [1]
>> Found 1 intermediate solutions
>> 1 fits in 5 : 6
>>> Solving for ? [1]
>>> Checking starts from 0 to 0
>>> 1 fits in 0 : 1
>>> Found 1 intermediate solutions
>>> Found 1 solutions for ? [1]
>> Found 1 intermediate solutions
>> 1 fits in 7 : 8
>>> Solving for  [1]
>>> Checking starts from 0 to -1
>>> Found 0 solutions for  [1]
>> Found 0 intermediate solutions
>> Found 12 solutions for #?????.? [1, 1]
> Found 12 intermediate solutions
> 5 isn't bordered right at 1 : 6
> 5 fits in 2 : 7
>> Solving for ????.? [1, 1]
>> Checking starts from 0 to 5
>> 1 fits in 0 : 1
>>> Solving for ??.? [1]
>>> Checking starts from 0 to 3
>>> 1 fits in 0 : 1
>>> Found 1 intermediate solutions
>>> 1 fits in 1 : 2
>>> Found 1 intermediate solutions
>>> 1 fits in 3 : 4
>>> Found 1 intermediate solutions
>>> Found 3 solutions for ??.? [1]
>> Found 3 intermediate solutions
>> 1 fits in 1 : 2
>>> Solving for ?.? [1]
>>> Checking starts from 0 to 2
>>> 1 fits in 0 : 1
>>> Found 1 intermediate solutions
>>> 1 fits in 2 : 3
>>> Found 1 intermediate solutions
>>> Found 2 solutions for ?.? [1]
>> Found 2 intermediate solutions
>> 1 fits in 2 : 3
>>> Solving for .? [1]
>>> Checking starts from 0 to 1
>>> 1 fits in 1 : 2
>>> Found 1 intermediate solutions
>>> Found 1 solutions for .? [1]
>> Found 1 intermediate solutions
>> 1 fits in 3 : 4
>>> Solving for ? [1]
>>> Checking starts from 0 to 0
>>> 1 fits in 0 : 1
>>> Found 1 intermediate solutions
>>> Found 1 solutions for ? [1]
>> Found 1 intermediate solutions
>> 1 fits in 5 : 6
>>> Solving for  [1]
>>> Checking starts from 0 to -1
>>> Found 0 solutions for  [1]
>> Found 0 intermediate solutions
>> Found 7 solutions for ????.? [1, 1]
> Found 7 intermediate solutions
> 5 isn't bordered left at 3 : 8
> 5 fits in 4 : 9
>> Solving for ??.? [1, 1]
>> Checking starts from 0 to 3
>> 1 fits in 0 : 1
>>> Solving for .? [1]
>>> Checking starts from 0 to 1
>>> 1 fits in 1 : 2
>>> Found 1 intermediate solutions
>>> Found 1 solutions for .? [1]
>> Found 1 intermediate solutions
>> 1 fits in 1 : 2
>>> Solving for ? [1]
>>> Checking starts from 0 to 0
>>> 1 fits in 0 : 1
>>> Found 1 intermediate solutions
>>> Found 1 solutions for ? [1]
>> Found 1 intermediate solutions
>> 1 fits in 3 : 4
>>> Solving for  [1]
>>> Checking starts from 0 to -1
>>> Found 0 solutions for  [1]
>> Found 0 intermediate solutions
>> Found 2 solutions for ??.? [1, 1]
> Found 2 intermediate solutions
> 5 fits in 5 : 10
>> Solving for ?.? [1, 1]
>> Checking starts from 0 to 2
>> 1 fits in 0 : 1
>>> Solving for ? [1]
>>> Checking starts from 0 to 0
>>> 1 fits in 0 : 1
>>> Found 1 intermediate solutions
>>> Found 1 solutions for ? [1]
>> Found 1 intermediate solutions
>> 1 fits in 2 : 3
>>> Solving for  [1]
>>> Checking starts from 0 to -1
>>> Found 0 solutions for  [1]
>> Found 0 intermediate solutions
>> Found 1 solutions for ?.? [1, 1]
> Found 1 intermediate solutions
> 5 fits in 6 : 11
>> Solving for .? [1, 1]
>> Checking starts from 0 to 1
>> 1 fits in 1 : 2
>>> Solving for  [1]
>>> Checking starts from 0 to -1
>>> Found 0 solutions for  [1]
>> Found 0 intermediate solutions
>> Found 0 solutions for .? [1, 1]
> Found 0 intermediate solutions
> 5 isn't bordered left at 7 : 12
> Found 22 solutions for ??#???#?????.? [5, 1, 1]
